2024-10-22 23:39:57,953 - db_helper - INFO - fetch_expenses_for_date called with 2024-09-30
2024-10-22 23:39:58,041 - db_helper - INFO - fetch_expense_summary called with start: 2024-08-01 end: 2024-08-05
2024-10-22 23:40:47,164 - db_helper - INFO - fetch_expenses_for_date called with 2024-09-30
2024-10-22 23:40:47,254 - db_helper - INFO - fetch_expense_summary called with start: 2024-08-01 end: 2024-08-05
2024-10-23 00:46:53,158 - db_helper - INFO - fetch_expenses_for_date called with 2024-09-30
2024-10-23 00:53:26,621 - db_helper - INFO - fetch_expenses_for_date called with 2024-08-02
2024-10-23 01:01:02,272 - db_helper - INFO - fetch_expenses_for_date called with 2024-08-02
2024-10-23 05:14:38,323 - db_helper - INFO - fetch_expenses_for_date called with 2024-08-03
2024-10-23 05:21:25,357 - db_helper - INFO - fetch_expenses_for_date called with 2024-08-03
2024-10-23 05:21:46,823 - db_helper - INFO - fetch_expenses_for_date called with 2024-08-03
2024-10-23 05:22:20,007 - db_helper - INFO - fetch_expenses_for_date called with 2024-08-03
2024-10-23 05:51:29,435 - db_helper - INFO - insert_expense called with date: 2024-08-18, amount: 1200.0, category: Food, notes: Dinner at a my friend's house
2024-10-23 05:51:29,541 - db_helper - INFO - insert_expense called with date: 2024-08-18, amount: 230.0, category: Other, notes: Dark side
2024-10-23 05:53:02,393 - db_helper - INFO - delete_expenses_for_date called with 2024-08-18
2024-10-23 05:53:02,495 - db_helper - INFO - insert_expense called with date: 2024-08-18, amount: 1200.0, category: Food, notes: Dinner at a my friend's house
2024-10-23 05:53:02,583 - db_helper - INFO - insert_expense called with date: 2024-08-18, amount: 230.0, category: Other, notes: Dark side
2024-10-23 05:53:22,512 - db_helper - INFO - delete_expenses_for_date called with 2024-08-18
2024-10-23 05:53:22,600 - db_helper - INFO - insert_expense called with date: 2024-08-18, amount: 13300.0, category: Food, notes: Dinner at a my friend's house
2024-10-23 05:53:22,673 - db_helper - INFO - insert_expense called with date: 2024-08-18, amount: 2030.0, category: Other, notes: Dark side
2024-10-23 05:59:02,879 - db_helper - INFO - delete_expenses_for_date called with 2024-08-18
2024-10-23 06:01:36,527 - db_helper - INFO - delete_expenses_for_date called with 2024-08-18
2024-10-23 06:01:54,585 - db_helper - INFO - delete_expenses_for_date called with 2024-08-18
2024-10-23 06:01:54,674 - db_helper - INFO - insert_expense called with date: 2024-08-18, amount: 300.0, category: Food, notes: Dinner
2024-10-23 06:01:54,743 - db_helper - INFO - insert_expense called with date: 2024-08-18, amount: 30.0, category: Shopping, notes: new clothes
2024-10-23 06:24:33,037 - db_helper - INFO - fetch_expenses_for_date called with 2024-08-18
2024-10-23 06:25:21,399 - db_helper - INFO - fetch_expenses_for_date called with 2024-08-18
2024-10-23 06:31:22,819 - db_helper - INFO - fetch_expenses_for_date called with 2024-08-12
2024-10-23 07:35:26,921 - db_helper - INFO - fetch_expenses_for_date called with 2024-08-02
2024-10-23 07:35:44,255 - db_helper - INFO - fetch_expenses_for_date called with 2024-08-12
2024-10-23 07:36:05,433 - db_helper - INFO - fetch_expenses_for_date called with 2024-08-01
2024-10-23 07:36:08,118 - db_helper - INFO - fetch_expenses_for_date called with 2024-08-06
2024-10-23 07:36:10,920 - db_helper - INFO - fetch_expenses_for_date called with 2024-08-03
2024-10-23 07:36:13,578 - db_helper - INFO - fetch_expenses_for_date called with 2024-08-04
2024-10-23 07:36:50,096 - db_helper - INFO - fetch_expenses_for_date called with 2024-08-12
2024-10-23 07:36:55,866 - db_helper - INFO - fetch_expenses_for_date called with 2024-08-06
2024-10-23 07:37:00,525 - db_helper - INFO - fetch_expenses_for_date called with 2024-08-12
2024-10-23 07:37:03,030 - db_helper - INFO - fetch_expenses_for_date called with 2024-08-03
2024-10-23 07:37:06,449 - db_helper - INFO - fetch_expenses_for_date called with 2024-08-07
2024-10-23 07:37:08,421 - db_helper - INFO - fetch_expenses_for_date called with 2024-08-17
2024-10-23 07:37:15,046 - db_helper - INFO - fetch_expenses_for_date called with 2024-08-02
2024-10-23 07:51:37,946 - db_helper - INFO - fetch_expenses_for_date called with 2024-08-02
2024-10-23 07:52:27,535 - db_helper - INFO - fetch_expenses_for_date called with 2024-08-02
2024-10-23 07:52:29,866 - db_helper - INFO - fetch_expenses_for_date called with 2024-08-06
2024-10-23 07:53:51,405 - db_helper - INFO - fetch_expenses_for_date called with 2024-08-02
2024-10-23 07:58:52,313 - db_helper - INFO - fetch_expenses_for_date called with 2024-08-02
2024-10-23 07:59:55,952 - db_helper - INFO - fetch_expenses_for_date called with 2024-08-02
2024-10-23 08:00:31,368 - db_helper - INFO - fetch_expenses_for_date called with 2024-08-02
2024-10-23 08:01:09,533 - db_helper - INFO - fetch_expenses_for_date called with 2024-08-02
2024-10-23 08:04:39,368 - db_helper - INFO - fetch_expenses_for_date called with 2024-08-02
2024-10-23 08:06:52,530 - db_helper - INFO - fetch_expenses_for_date called with 2024-08-02
2024-10-23 08:07:06,226 - db_helper - INFO - fetch_expenses_for_date called with 2024-08-02
2024-10-23 08:13:23,373 - db_helper - INFO - fetch_expenses_for_date called with 2024-08-02
2024-10-23 08:13:40,473 - db_helper - INFO - fetch_expenses_for_date called with 2024-08-02
2024-10-23 08:13:51,949 - db_helper - INFO - fetch_expenses_for_date called with 2024-08-02
2024-10-23 08:27:24,874 - db_helper - INFO - fetch_expenses_for_date called with 2024-08-02
2024-10-23 08:27:29,654 - db_helper - INFO - fetch_expenses_for_date called with 2024-08-05
2024-10-23 08:27:32,265 - db_helper - INFO - fetch_expenses_for_date called with 2024-08-16
2024-10-23 08:27:43,164 - db_helper - INFO - fetch_expenses_for_date called with 2024-08-04
2024-10-23 08:28:40,586 - db_helper - INFO - fetch_expenses_for_date called with 2024-08-04
2024-10-23 08:28:47,968 - db_helper - INFO - fetch_expenses_for_date called with 2024-08-06
2024-10-23 08:29:04,947 - db_helper - INFO - fetch_expenses_for_date called with 2024-08-06
2024-10-23 08:29:39,418 - db_helper - INFO - fetch_expenses_for_date called with 2024-08-06
2024-10-23 08:29:42,378 - db_helper - INFO - fetch_expenses_for_date called with 2024-08-24
2024-10-23 08:29:44,887 - db_helper - INFO - fetch_expenses_for_date called with 2024-08-29
2024-10-23 08:29:58,450 - db_helper - INFO - fetch_expenses_for_date called with 2024-08-07
2024-10-23 08:30:01,066 - db_helper - INFO - fetch_expenses_for_date called with 2024-08-02
2024-10-23 08:30:03,577 - db_helper - INFO - fetch_expenses_for_date called with 2024-08-01
2024-10-23 08:30:07,897 - db_helper - INFO - fetch_expenses_for_date called with 2024-07-02
2024-10-23 08:30:13,516 - db_helper - INFO - fetch_expenses_for_date called with 2024-08-13
2024-10-23 08:30:15,880 - db_helper - INFO - fetch_expenses_for_date called with 2024-08-12
2024-10-23 08:30:17,877 - db_helper - INFO - fetch_expenses_for_date called with 2024-08-10
2024-10-23 08:30:19,608 - db_helper - INFO - fetch_expenses_for_date called with 2024-08-09
2024-10-23 08:30:22,014 - db_helper - INFO - fetch_expenses_for_date called with 2024-08-15
2024-10-23 08:30:25,814 - db_helper - INFO - fetch_expenses_for_date called with 2024-08-07
2024-10-23 08:30:28,100 - db_helper - INFO - fetch_expenses_for_date called with 2024-08-02
2024-10-23 08:30:30,723 - db_helper - INFO - fetch_expenses_for_date called with 2024-08-03
2024-10-23 08:30:32,884 - db_helper - INFO - fetch_expenses_for_date called with 2024-08-06
2024-10-23 08:32:44,104 - db_helper - INFO - fetch_expenses_for_date called with 2024-08-10
2024-10-23 08:32:47,727 - db_helper - INFO - fetch_expenses_for_date called with 2024-08-14
2024-10-23 08:32:50,117 - db_helper - INFO - fetch_expenses_for_date called with 2024-08-16
2024-10-23 08:32:53,239 - db_helper - INFO - fetch_expenses_for_date called with 2024-08-21
2024-10-23 08:44:42,598 - db_helper - INFO - fetch_expenses_for_date called with 2024-08-21
2024-10-23 08:49:12,222 - db_helper - INFO - fetch_expenses_for_date called with 2024-08-21
2024-10-23 08:49:15,488 - db_helper - INFO - fetch_expenses_for_date called with 2024-08-23
2024-10-23 08:49:17,800 - db_helper - INFO - fetch_expenses_for_date called with 2024-08-10
2024-10-23 08:49:20,800 - db_helper - INFO - fetch_expenses_for_date called with 2024-08-05
2024-10-23 08:49:23,359 - db_helper - INFO - fetch_expenses_for_date called with 2024-08-07
2024-10-23 08:51:49,901 - db_helper - INFO - fetch_expenses_for_date called with 2024-08-07
2024-10-23 08:51:53,866 - db_helper - INFO - fetch_expenses_for_date called with 2024-08-02
2024-10-23 08:51:57,243 - db_helper - INFO - fetch_expenses_for_date called with 2024-08-07
2024-10-23 08:52:03,789 - db_helper - INFO - fetch_expenses_for_date called with 2024-08-07
2024-10-23 08:52:54,984 - db_helper - INFO - fetch_expenses_for_date called with 2024-08-07
2024-10-23 08:53:00,202 - db_helper - INFO - fetch_expenses_for_date called with 2024-08-06
2024-10-23 08:53:02,725 - db_helper - INFO - fetch_expenses_for_date called with 2024-08-07
2024-10-23 08:53:59,235 - db_helper - INFO - fetch_expenses_for_date called with 2024-08-07
2024-10-23 09:03:59,452 - db_helper - INFO - fetch_expenses_for_date called with 2024-08-07
2024-10-23 09:04:09,270 - db_helper - INFO - fetch_expenses_for_date called with 2024-08-07
2024-10-23 09:05:15,792 - db_helper - INFO - fetch_expenses_for_date called with 2024-08-07
2024-10-23 09:05:19,062 - db_helper - INFO - fetch_expenses_for_date called with 2024-08-07
2024-10-23 09:05:21,905 - db_helper - INFO - fetch_expenses_for_date called with 2024-08-07
2024-10-23 09:06:09,427 - db_helper - INFO - fetch_expenses_for_date called with 2024-08-07
2024-10-23 09:08:57,670 - db_helper - INFO - fetch_expenses_for_date called with 2024-08-01
2024-10-23 09:09:00,786 - db_helper - INFO - fetch_expenses_for_date called with 2024-08-07
2024-10-23 09:09:28,805 - db_helper - INFO - fetch_expenses_for_date called with 2024-08-07
2024-10-23 09:09:39,384 - db_helper - INFO - fetch_expenses_for_date called with 2024-08-07
2024-10-23 09:09:40,691 - db_helper - INFO - fetch_expenses_for_date called with 2024-08-07
2024-10-23 09:09:40,873 - db_helper - INFO - fetch_expenses_for_date called with 2024-08-07
2024-10-23 09:09:41,054 - db_helper - INFO - fetch_expenses_for_date called with 2024-08-07
2024-10-23 09:09:56,750 - db_helper - INFO - fetch_expenses_for_date called with 2024-08-01
2024-10-23 09:10:28,525 - db_helper - INFO - fetch_expenses_for_date called with 2024-08-07
2024-10-23 09:11:22,238 - db_helper - INFO - fetch_expenses_for_date called with 2024-08-05
2024-10-23 09:11:25,387 - db_helper - INFO - fetch_expenses_for_date called with 2024-08-10
2024-10-23 09:11:45,522 - db_helper - INFO - fetch_expenses_for_date called with 2024-08-10
2024-10-23 09:12:43,918 - db_helper - INFO - delete_expenses_for_date called with 2024-08-12
2024-10-23 09:12:44,006 - db_helper - INFO - insert_expense called with date: 2024-08-12, amount: 300.0, category: Food, notes: Dinner
2024-10-23 09:12:44,081 - db_helper - INFO - insert_expense called with date: 2024-08-12, amount: 30.0, category: Shopping, notes: new clothes
2024-10-23 09:13:00,983 - db_helper - INFO - fetch_expenses_for_date called with 2024-08-10
2024-10-23 09:13:05,915 - db_helper - INFO - fetch_expenses_for_date called with 2024-08-07
2024-10-23 09:13:08,134 - db_helper - INFO - fetch_expenses_for_date called with 2024-08-07
2024-10-23 09:19:48,723 - db_helper - INFO - fetch_expenses_for_date called with 2024-08-07
2024-10-23 09:19:54,021 - db_helper - INFO - fetch_expenses_for_date called with 2024-08-07
2024-10-23 09:19:56,909 - db_helper - INFO - fetch_expenses_for_date called with 2024-08-07
2024-10-23 09:20:07,412 - db_helper - INFO - fetch_expenses_for_date called with 2024-08-06
2024-10-23 09:20:10,402 - db_helper - INFO - fetch_expenses_for_date called with 2024-08-02
2024-10-23 09:20:12,930 - db_helper - INFO - fetch_expenses_for_date called with 2024-08-07
2024-10-23 09:20:24,120 - db_helper - INFO - fetch_expenses_for_date called with 2024-08-07
2024-10-23 09:23:27,193 - db_helper - INFO - fetch_expenses_for_date called with 2024-08-07
2024-10-23 09:23:29,574 - db_helper - INFO - fetch_expenses_for_date called with 2024-08-07
2024-10-23 09:23:29,696 - db_helper - INFO - delete_expenses_for_date called with 2024-08-07
2024-10-23 09:23:29,798 - db_helper - INFO - insert_expense called with date: 2024-08-07, amount: 3.0, category: Shopping, notes: ffff
2024-10-23 09:23:29,899 - db_helper - INFO - insert_expense called with date: 2024-08-07, amount: 2.0, category: Food, notes: eeee
2024-10-23 09:23:29,970 - db_helper - INFO - insert_expense called with date: 2024-08-07, amount: 2.0, category: Shopping, notes: dddd
2024-10-23 09:24:56,440 - db_helper - INFO - fetch_expenses_for_date called with 2024-08-02
2024-10-23 09:24:59,437 - db_helper - INFO - fetch_expenses_for_date called with 2024-08-07
2024-10-23 09:25:00,885 - db_helper - INFO - fetch_expenses_for_date called with 2024-08-07
2024-10-23 09:27:12,622 - db_helper - INFO - fetch_expenses_for_date called with 2024-08-07
2024-10-23 09:27:15,708 - db_helper - INFO - fetch_expenses_for_date called with 2024-08-07
2024-10-23 09:27:17,767 - db_helper - INFO - fetch_expenses_for_date called with 2024-08-07
2024-10-23 09:27:37,638 - db_helper - INFO - fetch_expenses_for_date called with 2024-08-06
2024-10-23 09:27:40,523 - db_helper - INFO - fetch_expenses_for_date called with 2024-08-06
2024-10-23 09:27:44,728 - db_helper - INFO - fetch_expenses_for_date called with 2024-08-07
2024-10-23 09:27:48,385 - db_helper - INFO - fetch_expenses_for_date called with 2024-08-07
2024-10-23 09:28:45,687 - db_helper - INFO - fetch_expenses_for_date called with 2024-08-01
2024-10-23 09:28:48,325 - db_helper - INFO - fetch_expenses_for_date called with 2024-08-07
2024-10-23 09:28:49,921 - db_helper - INFO - fetch_expenses_for_date called with 2024-08-07
2024-10-23 09:29:08,705 - db_helper - INFO - fetch_expenses_for_date called with 2024-08-07
2024-10-23 09:29:10,510 - db_helper - INFO - fetch_expenses_for_date called with 2024-08-07
2024-10-23 09:30:11,805 - db_helper - INFO - fetch_expenses_for_date called with 2024-08-07
2024-10-23 09:30:16,269 - db_helper - INFO - fetch_expenses_for_date called with 2024-08-07
2024-10-23 09:30:16,402 - db_helper - INFO - delete_expenses_for_date called with 2024-08-07
2024-10-23 09:30:16,500 - db_helper - INFO - insert_expense called with date: 2024-08-07, amount: 3.0, category: Shopping, notes: ffff
2024-10-23 09:30:16,586 - db_helper - INFO - insert_expense called with date: 2024-08-07, amount: 3.0, category: Food, notes: eeee
2024-10-23 09:30:16,657 - db_helper - INFO - insert_expense called with date: 2024-08-07, amount: 2.0, category: Shopping, notes: dddd
2024-10-23 09:30:49,315 - db_helper - INFO - fetch_expenses_for_date called with 2024-08-02
2024-10-23 09:30:53,149 - db_helper - INFO - fetch_expenses_for_date called with 2024-08-07
2024-10-23 09:30:54,318 - db_helper - INFO - fetch_expenses_for_date called with 2024-08-07
2024-10-23 09:31:42,579 - db_helper - INFO - fetch_expenses_for_date called with 2024-08-07
2024-10-23 09:31:44,774 - db_helper - INFO - fetch_expenses_for_date called with 2024-08-07
2024-10-23 09:31:46,182 - db_helper - INFO - fetch_expenses_for_date called with 2024-08-07
2024-10-23 09:31:49,966 - db_helper - INFO - fetch_expenses_for_date called with 2024-08-06
2024-10-23 09:31:53,160 - db_helper - INFO - fetch_expenses_for_date called with 2024-08-07
2024-10-23 09:31:54,105 - db_helper - INFO - fetch_expenses_for_date called with 2024-08-07
2024-10-23 09:32:32,706 - db_helper - INFO - fetch_expenses_for_date called with 2024-08-01
2024-10-23 09:32:34,736 - db_helper - INFO - fetch_expenses_for_date called with 2024-08-07
2024-10-23 09:32:42,435 - db_helper - INFO - fetch_expenses_for_date called with 2024-08-06
2024-10-23 09:32:45,693 - db_helper - INFO - fetch_expenses_for_date called with 2024-08-07
2024-10-23 09:32:55,534 - db_helper - INFO - fetch_expenses_for_date called with 2024-08-09
2024-10-23 09:32:59,675 - db_helper - INFO - fetch_expenses_for_date called with 2024-08-10
2024-10-23 09:33:02,726 - db_helper - INFO - fetch_expenses_for_date called with 2024-08-06
2024-10-23 09:35:05,127 - db_helper - INFO - fetch_expenses_for_date called with 2024-08-02
2024-10-23 09:35:08,341 - db_helper - INFO - fetch_expenses_for_date called with 2024-08-07
2024-10-23 13:46:14,556 - db_helper - INFO - fetch_expenses_for_date called with 2024-08-05
2024-10-23 13:46:15,434 - db_helper - INFO - fetch_expenses_for_date called with 2024-08-05
2024-10-23 13:46:33,175 - db_helper - INFO - fetch_expenses_for_date called with 2024-08-07
2024-10-23 13:57:16,418 - db_helper - INFO - fetch_expenses_for_date called with 2024-08-02
2024-10-23 14:00:33,007 - db_helper - INFO - fetch_expenses_for_date called with 2024-08-15
2024-10-23 14:03:56,464 - db_helper - INFO - fetch_expenses_for_date called with 2024-08-03
2024-10-23 14:10:52,649 - db_helper - INFO - fetch_expenses_for_date called with 2024-08-07
2024-10-23 14:10:57,498 - db_helper - INFO - fetch_expenses_for_date called with 2024-08-08
2024-10-23 14:11:02,355 - db_helper - INFO - fetch_expenses_for_date called with 2024-08-06
2024-10-23 14:12:07,026 - db_helper - INFO - delete_expenses_for_date called with 2024-08-07
2024-10-23 14:12:07,100 - db_helper - INFO - insert_expense called with date: 2024-08-07, amount: 80.0, category: Entertainment, notes: Movies
2024-10-23 14:12:07,174 - db_helper - INFO - insert_expense called with date: 2024-08-07, amount: 15.0, category: Other, notes: Public transport
2024-10-23 14:12:43,673 - db_helper - INFO - delete_expenses_for_date called with 2024-08-07
2024-10-23 14:12:43,757 - db_helper - INFO - insert_expense called with date: 2024-08-07, amount: 8090.0, category: Entertainment, notes: Movies
2024-10-23 14:12:43,834 - db_helper - INFO - insert_expense called with date: 2024-08-07, amount: 1500.0, category: Other, notes: Public transport
2024-10-23 14:13:56,703 - db_helper - INFO - fetch_expenses_for_date called with 2024-08-06
2024-10-23 14:14:00,200 - db_helper - INFO - fetch_expenses_for_date called with 2024-08-07
2024-10-23 14:16:05,436 - db_helper - INFO - fetch_expenses_for_date called with 2024-08-02
2024-10-23 14:16:17,794 - db_helper - INFO - fetch_expenses_for_date called with 2024-08-02
2024-10-23 14:16:20,782 - db_helper - INFO - fetch_expenses_for_date called with 2024-08-07
2024-10-23 14:17:05,448 - db_helper - INFO - fetch_expenses_for_date called with 2024-08-06
2024-10-23 14:17:07,626 - db_helper - INFO - fetch_expenses_for_date called with 2024-08-07
2024-10-23 14:17:53,002 - db_helper - INFO - fetch_expenses_for_date called with 2024-08-01
2024-10-23 14:17:55,494 - db_helper - INFO - fetch_expenses_for_date called with 2024-08-07
2024-10-23 14:18:12,233 - db_helper - INFO - fetch_expenses_for_date called with 2024-08-07
2024-10-23 14:18:12,354 - db_helper - INFO - delete_expenses_for_date called with 2024-08-07
2024-10-23 14:18:12,451 - db_helper - INFO - insert_expense called with date: 2024-08-07, amount: 8.0, category: Shopping, notes: 
2024-10-23 14:18:12,529 - db_helper - INFO - insert_expense called with date: 2024-08-07, amount: 3.0, category: Food, notes: 
2024-10-23 14:18:12,599 - db_helper - INFO - insert_expense called with date: 2024-08-07, amount: 7.0, category: Entertainment, notes: 
2024-10-23 14:31:29,623 - db_helper - INFO - fetch_expenses_for_date called with 2024-08-02
2024-10-23 14:31:38,262 - db_helper - INFO - fetch_expenses_for_date called with 2024-08-02
2024-10-23 14:31:42,845 - db_helper - INFO - fetch_expenses_for_date called with 2024-08-01
2024-10-23 14:31:45,342 - db_helper - INFO - fetch_expenses_for_date called with 2024-08-07
2024-10-23 14:32:19,027 - db_helper - INFO - fetch_expenses_for_date called with 2024-08-07
2024-10-23 14:32:19,157 - db_helper - INFO - delete_expenses_for_date called with 2024-08-07
2024-10-23 14:32:19,257 - db_helper - INFO - insert_expense called with date: 2024-08-07, amount: 13.0, category: Food, notes: haha
2024-10-23 14:32:19,344 - db_helper - INFO - insert_expense called with date: 2024-08-07, amount: 7.0, category: Shopping, notes: bbb
2024-10-23 14:32:19,415 - db_helper - INFO - insert_expense called with date: 2024-08-07, amount: 11.0, category: Food, notes: ccc
2024-10-23 14:33:38,908 - db_helper - INFO - fetch_expenses_for_date called with 2024-08-07
2024-10-23 14:33:39,026 - db_helper - INFO - delete_expenses_for_date called with 2024-08-07
2024-10-23 14:33:39,126 - db_helper - INFO - insert_expense called with date: 2024-08-07, amount: 13.0, category: Food, notes: haha
2024-10-23 14:33:39,205 - db_helper - INFO - insert_expense called with date: 2024-08-07, amount: 7.0, category: Shopping, notes: bbb
2024-10-23 14:33:39,273 - db_helper - INFO - insert_expense called with date: 2024-08-07, amount: 11.0, category: Food, notes: ccc
2024-10-23 14:33:41,574 - db_helper - INFO - fetch_expenses_for_date called with 2024-08-07
2024-10-23 14:33:41,691 - db_helper - INFO - delete_expenses_for_date called with 2024-08-07
2024-10-23 14:33:41,789 - db_helper - INFO - insert_expense called with date: 2024-08-07, amount: 13.0, category: Food, notes: haha
2024-10-23 14:33:41,869 - db_helper - INFO - insert_expense called with date: 2024-08-07, amount: 7.0, category: Shopping, notes: bbb
2024-10-23 14:33:41,937 - db_helper - INFO - insert_expense called with date: 2024-08-07, amount: 11.0, category: Food, notes: ccc
2024-10-23 14:34:01,073 - db_helper - INFO - fetch_expenses_for_date called with 2024-08-06
2024-10-23 14:34:03,953 - db_helper - INFO - fetch_expenses_for_date called with 2024-08-07
2024-10-23 14:34:10,259 - db_helper - INFO - fetch_expenses_for_date called with 2024-08-07
2024-10-23 14:34:10,379 - db_helper - INFO - delete_expenses_for_date called with 2024-08-07
2024-10-23 15:04:57,842 - db_helper - INFO - fetch_expenses_for_date called with 2024-08-02
2024-10-23 15:06:56,296 - db_helper - INFO - fetch_expenses_for_date called with 2024-08-02
2024-10-23 15:13:42,967 - db_helper - INFO - delete_expenses_for_date called with 2024-08-07
2024-10-23 15:13:43,066 - db_helper - INFO - insert_expense called with date: 2024-08-07, amount: 8090.0, category: Entertainment, notes: Movies
2024-10-23 15:13:43,141 - db_helper - INFO - insert_expense called with date: 2024-08-07, amount: 1500.0, category: Other, notes: Public transport
2024-10-23 15:16:58,282 - db_helper - INFO - delete_expenses_for_date called with 2024-08-07
2024-10-23 15:18:30,479 - db_helper - INFO - delete_expenses_for_date called with 2024-08-07
2024-10-23 15:18:30,587 - db_helper - INFO - insert_expense called with date: 2024-08-07, amount: 8090.0, category: Entertainment, notes: Movies, present : Give you
2024-10-23 15:18:30,666 - db_helper - INFO - insert_expense called with date: 2024-08-07, amount: 1500.0, category: Other, notes: Public transport, present : love you
2024-10-23 15:21:41,815 - db_helper - INFO - fetch_expenses_for_date called with 2024-08-02
2024-10-23 15:21:51,075 - db_helper - INFO - fetch_expenses_for_date called with 2024-08-06
2024-10-23 15:23:24,859 - db_helper - INFO - fetch_expenses_for_date called with 2024-08-07
2024-10-23 15:27:01,581 - db_helper - INFO - fetch_expenses_for_date called with 2024-08-02
2024-10-23 15:27:16,765 - db_helper - INFO - fetch_expenses_for_date called with 2024-08-06
2024-10-23 15:27:28,137 - db_helper - INFO - fetch_expenses_for_date called with 2024-08-07
2024-10-23 15:27:44,991 - db_helper - INFO - fetch_expenses_for_date called with 2024-08-03
2024-10-23 15:37:58,721 - db_helper - INFO - fetch_expenses_for_date called with 2024-08-03
2024-10-23 15:40:12,356 - db_helper - INFO - fetch_expenses_for_date called with 2024-08-05
2024-10-23 15:42:03,200 - db_helper - INFO - fetch_expenses_for_date called with 2024-08-03
2024-10-23 15:42:15,394 - db_helper - INFO - fetch_expenses_for_date called with 2024-08-07
2024-10-23 15:42:40,500 - db_helper - INFO - fetch_expenses_for_date called with 2024-08-07
2024-10-23 15:43:05,135 - db_helper - INFO - fetch_expenses_for_date called with 2024-08-05
2024-10-23 15:43:07,601 - db_helper - INFO - fetch_expenses_for_date called with 2024-08-04
2024-10-23 15:43:55,214 - db_helper - INFO - fetch_expenses_for_date called with 2024-08-06
2024-10-23 15:44:40,848 - db_helper - INFO - fetch_expenses_for_date called with 2024-08-02
2024-10-23 15:44:44,552 - db_helper - INFO - fetch_expenses_for_date called with 2024-08-07
2024-10-23 15:44:46,922 - db_helper - INFO - fetch_expenses_for_date called with 2024-08-06
2024-10-23 15:44:51,749 - db_helper - INFO - fetch_expenses_for_date called with 2024-08-05
2024-10-23 15:44:53,989 - db_helper - INFO - fetch_expenses_for_date called with 2024-08-08
2024-10-23 15:44:56,655 - db_helper - INFO - fetch_expenses_for_date called with 2024-08-09
2024-10-23 15:44:59,241 - db_helper - INFO - fetch_expenses_for_date called with 2024-08-02
2024-10-23 15:46:09,664 - db_helper - INFO - fetch_expenses_for_date called with 2024-08-05
2024-10-23 15:46:21,409 - db_helper - INFO - fetch_expenses_for_date called with 2024-08-06
2024-10-23 15:46:23,809 - db_helper - INFO - fetch_expenses_for_date called with 2024-08-04
2024-10-23 15:46:26,571 - db_helper - INFO - fetch_expenses_for_date called with 2024-08-07
2024-10-23 15:46:28,917 - db_helper - INFO - fetch_expenses_for_date called with 2024-08-09
2024-10-23 15:46:30,993 - db_helper - INFO - fetch_expenses_for_date called with 2024-08-08
2024-10-23 15:47:24,790 - db_helper - INFO - fetch_expenses_for_date called with 2024-08-06
2024-10-23 15:51:27,453 - db_helper - INFO - fetch_expenses_for_date called with 2024-08-01
2024-10-23 15:51:30,977 - db_helper - INFO - fetch_expenses_for_date called with 2024-08-04
2024-10-23 15:51:57,722 - db_helper - INFO - fetch_expenses_for_date called with 2024-08-01
2024-10-23 15:52:00,127 - db_helper - INFO - fetch_expenses_for_date called with 2024-08-02
2024-10-23 15:52:03,005 - db_helper - INFO - fetch_expenses_for_date called with 2024-08-07
2024-10-23 15:52:05,075 - db_helper - INFO - fetch_expenses_for_date called with 2024-08-06
2024-10-23 15:52:30,756 - db_helper - INFO - fetch_expenses_for_date called with 2024-08-05
2024-10-23 15:53:16,352 - db_helper - INFO - fetch_expenses_for_date called with 2024-08-07
2024-10-23 15:53:47,332 - db_helper - INFO - fetch_expenses_for_date called with 2024-08-02
2024-10-23 15:53:49,354 - db_helper - INFO - fetch_expenses_for_date called with 2024-08-05
2024-10-23 15:53:51,300 - db_helper - INFO - fetch_expenses_for_date called with 2024-08-03
2024-10-23 15:53:53,479 - db_helper - INFO - fetch_expenses_for_date called with 2024-08-07
2024-10-23 20:17:40,161 - db_helper - INFO - fetch_expense_summary called with start: 2024-08-01 end: 2024-08-05
2024-10-23 20:34:43,747 - db_helper - INFO - fetch_expenses_for_date called with 2024-08-06
2024-10-23 20:34:46,752 - db_helper - INFO - fetch_expenses_for_date called with 2024-08-04
2024-10-23 20:34:49,339 - db_helper - INFO - fetch_expenses_for_date called with 2024-08-02
2024-10-23 21:11:35,772 - db_helper - INFO - fetch_expenses_for_date called with 2024-08-03
2024-10-23 21:12:23,600 - db_helper - INFO - fetch_expenses_for_date called with 2024-08-02
2024-10-23 21:13:03,861 - db_helper - INFO - fetch_expenses_for_date called with 2024-08-02
2024-10-23 21:13:16,781 - db_helper - INFO - fetch_expenses_for_date called with 2024-08-05
2024-10-23 21:13:31,740 - db_helper - INFO - fetch_expenses_for_date called with 2024-08-05
2024-10-23 21:16:38,603 - db_helper - INFO - fetch_expense_summary called with start: 2024-08-01 end: 2024-08-05
2024-10-23 21:39:45,993 - db_helper - INFO - fetch_expense_summary called with start: 2024-08-01 end: 2024-08-05
2024-10-23 21:51:09,207 - db_helper - INFO - fetch_expense_summary called with start: 2024-08-01 end: 2024-08-05
2024-10-23 21:52:58,626 - db_helper - INFO - fetch_expense_summary called with start: 2024-08-01 end: 2024-08-05
2024-10-23 21:53:49,042 - db_helper - INFO - fetch_expense_summary called with start: 2024-08-01 end: 2024-08-05
2024-10-23 21:56:16,076 - db_helper - INFO - fetch_expense_summary called with start: 2024-08-01 end: 2024-08-05
2024-10-23 21:58:40,324 - db_helper - INFO - fetch_expense_summary called with start: 2024-08-01 end: 2024-08-05
2024-10-23 21:58:46,164 - db_helper - INFO - fetch_expense_summary called with start: 2024-08-01 end: 2024-08-05
2024-10-23 21:59:19,075 - db_helper - INFO - fetch_expense_summary called with start: 2024-08-01 end: 2024-08-05
2024-10-23 21:59:58,265 - db_helper - INFO - fetch_expense_summary called with start: 2024-08-01 end: 2024-08-05
2024-10-23 22:03:05,192 - db_helper - INFO - fetch_expense_summary called with start: 2024-08-01 end: 2024-08-05
2024-10-23 22:05:56,166 - db_helper - INFO - fetch_expense_summary called with start: 2024-08-01 end: 2024-08-05
2024-10-23 22:07:20,782 - db_helper - INFO - fetch_expense_summary called with start: 2024-08-01 end: 2024-08-05
2024-10-23 22:07:47,961 - db_helper - INFO - fetch_expense_summary called with start: 2024-08-01 end: 2024-08-05
2024-10-23 22:10:05,767 - db_helper - INFO - fetch_expense_summary called with start: 2024-08-01 end: 2024-08-05
2024-10-23 22:11:49,723 - db_helper - INFO - fetch_expense_summary called with start: 2024-08-01 end: 2024-08-05
2024-10-23 22:12:48,905 - db_helper - INFO - fetch_expense_summary called with start: 2024-08-01 end: 2024-08-05
2024-10-23 22:16:10,528 - db_helper - INFO - fetch_expense_summary called with start: 2024-08-01 end: 2024-08-05
2024-10-23 22:49:41,869 - db_helper - INFO - fetch_expenses_for_date called with 2024-08-06
2024-10-23 22:49:44,013 - db_helper - INFO - fetch_expenses_for_date called with 2024-08-05
2024-10-23 22:49:46,584 - db_helper - INFO - fetch_expenses_for_date called with 2024-08-10
2024-10-23 22:49:49,903 - db_helper - INFO - fetch_expenses_for_date called with 2024-08-11
2024-10-23 22:49:56,474 - db_helper - INFO - fetch_expenses_for_date called with 2024-08-14
2024-10-23 22:50:00,961 - db_helper - INFO - fetch_expenses_for_date called with 2024-08-09
2024-10-23 22:50:02,816 - db_helper - INFO - fetch_expenses_for_date called with 2024-08-08
2024-10-23 22:50:05,170 - db_helper - INFO - fetch_expenses_for_date called with 2024-08-07
2024-10-23 22:50:14,630 - db_helper - INFO - fetch_expenses_for_date called with 2024-08-06
2024-10-23 22:50:22,539 - db_helper - INFO - fetch_expenses_for_date called with 2024-08-08
2024-10-23 22:51:23,177 - db_helper - INFO - fetch_expenses_for_date called with 2024-08-08
2024-10-23 22:51:28,136 - db_helper - INFO - fetch_expenses_for_date called with 2024-08-06
2024-10-23 22:54:18,139 - db_helper - INFO - fetch_expenses_for_date called with 2024-08-06
2024-10-23 22:57:04,258 - db_helper - INFO - fetch_expenses_for_date called with 2024-08-06
2024-10-23 22:59:32,763 - db_helper - INFO - fetch_expenses_for_date called with 2024-08-06
2024-10-23 22:59:34,971 - db_helper - INFO - fetch_expenses_for_date called with 2024-08-05
2024-10-23 22:59:37,266 - db_helper - INFO - fetch_expenses_for_date called with 2024-08-09
2024-10-23 23:05:29,026 - db_helper - INFO - fetch_expenses_for_date called with 2024-08-09
2024-10-23 23:05:31,681 - db_helper - INFO - fetch_expenses_for_date called with 2024-08-09
2024-10-23 23:05:33,279 - db_helper - INFO - fetch_expenses_for_date called with 2024-08-09
2024-10-23 23:08:34,340 - db_helper - INFO - fetch_expenses_for_date called with 2024-08-09
2024-10-23 23:11:38,090 - db_helper - INFO - fetch_expenses_for_date called with 2024-08-09
2024-10-23 23:11:40,273 - db_helper - INFO - fetch_expenses_for_date called with 2024-08-09
2024-10-23 23:11:41,814 - db_helper - INFO - fetch_expenses_for_date called with 2024-08-09
2024-10-23 23:11:44,233 - db_helper - INFO - fetch_expenses_for_date called with 2024-08-09
2024-10-23 23:14:46,542 - db_helper - INFO - fetch_expenses_for_date called with 2024-08-09
2024-10-23 23:16:10,090 - db_helper - INFO - fetch_expenses_for_date called with 2024-08-09
2024-10-23 23:16:11,799 - db_helper - INFO - fetch_expenses_for_date called with 2024-08-09
2024-10-23 23:16:11,921 - db_helper - INFO - fetch_expense_summary called with start: 2024-08-06 end: 2024-08-04
2024-10-23 23:16:15,380 - db_helper - INFO - fetch_expenses_for_date called with 2024-08-09
2024-10-23 23:16:17,795 - db_helper - INFO - fetch_expenses_for_date called with 2024-08-09
2024-10-23 23:16:19,846 - db_helper - INFO - fetch_expenses_for_date called with 2024-08-09
2024-10-23 23:16:20,484 - db_helper - INFO - fetch_expenses_for_date called with 2024-08-09
2024-10-23 23:16:20,616 - db_helper - INFO - fetch_expense_summary called with start: 2024-08-01 end: 2024-08-02
2024-10-23 23:16:39,927 - db_helper - INFO - fetch_expenses_for_date called with 2024-08-09
2024-10-23 23:16:41,185 - db_helper - INFO - fetch_expenses_for_date called with 2024-08-09
2024-10-23 23:16:41,302 - db_helper - INFO - fetch_expense_summary called with start: 2024-08-01 end: 2024-08-02
2024-10-23 23:16:42,161 - db_helper - INFO - fetch_expenses_for_date called with 2024-08-09
2024-10-23 23:16:42,279 - db_helper - INFO - fetch_expense_summary called with start: 2024-08-01 end: 2024-08-02
2024-10-23 23:16:42,326 - db_helper - INFO - fetch_expenses_for_date called with 2024-08-09
2024-10-23 23:16:42,472 - db_helper - INFO - fetch_expense_summary called with start: 2024-08-01 end: 2024-08-02
2024-10-23 23:16:42,501 - db_helper - INFO - fetch_expenses_for_date called with 2024-08-09
2024-10-23 23:16:42,709 - db_helper - INFO - fetch_expenses_for_date called with 2024-08-09
2024-10-23 23:16:42,821 - db_helper - INFO - fetch_expense_summary called with start: 2024-08-01 end: 2024-08-02
2024-10-23 23:16:42,836 - db_helper - INFO - fetch_expenses_for_date called with 2024-08-09
2024-10-23 23:16:43,059 - db_helper - INFO - fetch_expenses_for_date called with 2024-08-09
2024-10-23 23:16:43,129 - db_helper - INFO - fetch_expenses_for_date called with 2024-08-09
2024-10-23 23:16:43,265 - db_helper - INFO - fetch_expense_summary called with start: 2024-08-01 end: 2024-08-02
2024-10-23 23:19:51,481 - db_helper - INFO - fetch_expenses_for_date called with 2024-08-09
2024-10-23 23:19:53,195 - db_helper - INFO - fetch_expenses_for_date called with 2024-08-09
2024-10-23 23:19:53,306 - db_helper - INFO - fetch_expense_summary called with start: 2024-08-01 end: 2024-08-02
2024-10-23 23:25:59,455 - db_helper - INFO - fetch_expenses_for_date called with 2024-08-09
2024-10-23 23:26:01,372 - db_helper - INFO - fetch_expenses_for_date called with 2024-08-09
2024-10-23 23:26:01,487 - db_helper - INFO - fetch_expense_summary called with start: 2024-08-01 end: 2024-08-02
2024-10-24 11:40:50,400 - db_helper - INFO - fetch_expenses_for_date called with 2024-08-02
2024-10-24 11:40:54,371 - db_helper - INFO - fetch_expenses_for_date called with 2024-08-02
2024-10-24 11:40:54,493 - db_helper - INFO - fetch_expense_summary called with start: 2024-08-01 end: 2024-08-05
2024-10-24 11:40:57,577 - db_helper - INFO - fetch_expenses_for_date called with 2024-08-02
2024-10-24 11:41:01,164 - db_helper - INFO - fetch_expenses_for_date called with 2024-08-02
2024-10-24 11:41:02,278 - db_helper - INFO - fetch_expenses_for_date called with 2024-08-02
2024-10-24 11:41:02,397 - db_helper - INFO - fetch_expense_summary called with start: 2024-08-02 end: 2024-08-08
2024-10-24 11:41:09,412 - db_helper - INFO - fetch_expenses_for_date called with 2024-08-02
2024-10-24 11:41:10,603 - db_helper - INFO - fetch_expenses_for_date called with 2024-08-02
2024-10-24 11:41:10,721 - db_helper - INFO - fetch_expense_summary called with start: 2024-08-01 end: 2024-08-08
2024-10-24 11:41:38,226 - db_helper - INFO - fetch_expenses_for_date called with 2024-08-02
2024-10-24 11:41:40,191 - db_helper - INFO - fetch_expenses_for_date called with 2024-08-02
2024-10-24 11:41:40,308 - db_helper - INFO - fetch_expense_summary called with start: 2024-08-01 end: 2024-08-05
2024-10-24 11:48:37,853 - db_helper - INFO - fetch_expenses_for_date called with 2024-08-02
2024-10-24 11:48:44,390 - db_helper - INFO - fetch_expenses_for_date called with 2024-08-06
2024-10-24 11:48:46,562 - db_helper - INFO - fetch_expenses_for_date called with 2024-08-14
2024-10-24 11:51:22,407 - db_helper - INFO - fetch_expenses_for_date called with 2024-08-09
2024-10-24 11:52:43,291 - db_helper - INFO - fetch_expenses_for_date called with 2024-08-14
2024-10-24 11:53:15,748 - db_helper - INFO - fetch_expenses_for_date called with 2024-08-14
2024-10-24 13:00:58,830 - db_helper - INFO - fetch_expense_summary called with start: 2024-08-01 end: 2024-09-30
2024-10-24 13:02:02,097 - db_helper - INFO - fetch_expense_summary called with start: 2024-07-01 end: 2024-10-30
2024-10-24 13:02:14,971 - db_helper - INFO - fetch_expense_summary called with start: 2024-08-01 end: 2024-09-30
2024-10-24 13:04:09,526 - db_helper - INFO - fetch_expense_summary called with start: 2024-08-01 end: 2024-09-30
2024-10-24 13:13:07,944 - db_helper - INFO - fetch_expenses_for_date called with 2024-08-14
2024-10-24 13:13:11,760 - db_helper - INFO - fetch_expenses_for_date called with 2024-08-02
2024-10-24 13:13:31,525 - db_helper - INFO - fetch_expenses_for_date called with 2024-08-02
2024-10-24 13:13:31,646 - db_helper - INFO - fetch_expense_summary called with start: 2024-08-01 end: 2024-08-05
2024-10-24 13:18:35,233 - db_helper - INFO - fetch_expense_summary called with start: 2024-08-01 end: 2024-08-05
2024-10-24 13:18:38,385 - db_helper - INFO - fetch_expense_summary called with start: 2024-08-01 end: 2024-09-30
2024-10-24 13:20:08,519 - db_helper - INFO - fetch_expenses_for_date called with 2024-08-02
2024-10-24 13:21:16,698 - db_helper - INFO - fetch_expenses_for_date called with 2024-08-02
2024-10-24 13:21:16,869 - db_helper - INFO - fetch_expense_summary called with start: 2024-08-01 end: 2024-09-30
2024-10-24 13:23:56,662 - db_helper - INFO - fetch_expenses_for_date called with 2024-08-02
2024-10-24 13:23:56,788 - db_helper - INFO - fetch_expense_summary called with start: 2024-08-01 end: 2024-09-30
2024-10-24 13:31:19,084 - db_helper - INFO - fetch_expenses_for_date called with 2024-08-02
2024-10-24 13:31:19,211 - db_helper - INFO - fetch_expense_summary called with start: 2024-08-01 end: 2024-09-30
2024-10-24 13:31:49,188 - db_helper - INFO - fetch_expenses_for_date called with 2024-08-02
2024-10-24 13:31:49,323 - db_helper - INFO - fetch_expense_summary called with start: 2024-08-01 end: 2024-09-30
2024-10-24 13:32:55,548 - db_helper - INFO - fetch_expenses_for_date called with 2024-08-02
2024-10-24 13:32:55,666 - db_helper - INFO - fetch_expense_summary called with start: 2024-08-01 end: 2024-08-05
2024-10-24 13:32:55,777 - db_helper - INFO - fetch_expense_summary called with start: 2024-08-01 end: 2024-09-30
2024-10-24 13:35:51,996 - db_helper - INFO - fetch_expenses_for_date called with 2024-08-02
2024-10-24 13:35:52,114 - db_helper - INFO - fetch_expense_summary called with start: 2024-08-01 end: 2024-09-30
2024-10-24 13:35:57,931 - db_helper - INFO - fetch_expenses_for_date called with 2024-08-02
2024-10-24 13:35:58,094 - db_helper - INFO - fetch_expense_summary called with start: 2024-08-01 end: 2024-09-30
2024-10-24 13:37:23,741 - db_helper - INFO - fetch_expenses_for_date called with 2024-08-02
2024-10-24 13:37:23,861 - db_helper - INFO - fetch_expense_summary called with start: 2024-08-01 end: 2024-09-30
2024-10-24 13:37:27,049 - db_helper - INFO - fetch_expenses_for_date called with 2024-08-02
2024-10-24 13:37:27,218 - db_helper - INFO - fetch_expense_summary called with start: 2024-08-01 end: 2024-09-30
2024-10-24 13:39:00,396 - db_helper - INFO - fetch_expenses_for_date called with 2024-08-02
2024-10-24 13:39:00,524 - db_helper - INFO - fetch_expense_summary called with start: 2024-08-01 end: 2024-09-30
2024-10-24 13:41:03,242 - db_helper - INFO - fetch_expenses_for_date called with 2024-08-02
2024-10-24 13:41:03,385 - db_helper - INFO - fetch_expense_summary called with start: 2024-08-01 end: 2024-09-30
2024-10-24 13:41:30,835 - db_helper - INFO - fetch_expenses_for_date called with 2024-08-02
2024-10-24 13:41:30,971 - db_helper - INFO - fetch_expense_summary called with start: 2024-08-01 end: 2024-09-30
2024-10-24 13:42:24,909 - db_helper - INFO - fetch_expenses_for_date called with 2024-08-02
2024-10-24 13:42:25,029 - db_helper - INFO - fetch_expense_summary called with start: 2024-08-01 end: 2024-09-30
2024-10-24 13:44:57,821 - db_helper - INFO - fetch_expenses_for_date called with 2024-08-02
2024-10-24 13:44:57,962 - db_helper - INFO - fetch_expense_summary called with start: 2024-08-01 end: 2024-09-30
2024-10-24 13:45:19,872 - db_helper - INFO - fetch_expenses_for_date called with 2024-08-02
2024-10-24 13:45:20,012 - db_helper - INFO - fetch_expense_summary called with start: 2024-08-01 end: 2024-09-30
